<?xml version="1.0" encoding="UTF-8"?>
<testng-results skipped="0" failed="0" ignored="0" total="1" passed="1">
  <reporter-output>
  </reporter-output>
  <suite name="Default suite" duration-ms="9542" started-at="2018-09-25T20:14:31Z" finished-at="2018-09-25T20:14:40Z">
    <groups>
    </groups>
    <test name="Default test" duration-ms="9542" started-at="2018-09-25T20:14:31Z" finished-at="2018-09-25T20:14:40Z">
      <class name="com.dex.qa.testcases.LoginPageTest">
        <test-method status="PASS" signature="setUp()[pri:0, instance:com.dex.qa.testcases.LoginPageTest@12f41634]" name="setUp" is-config="true" duration-ms="4833" started-at="2018-09-25T20:14:31Z" finished-at="2018-09-25T20:14:35Z">
          <reporter-output>
          </reporter-output>
        </test-method> <!-- setUp -->
        <test-method status="PASS" signature="loginTest()[pri:0, instance:com.dex.qa.testcases.LoginPageTest@12f41634]" name="loginTest" duration-ms="4022" started-at="2018-09-25T20:14:35Z" finished-at="2018-09-25T20:14:39Z">
          <reporter-output>
          </reporter-output>
        </test-method> <!-- loginTest -->
        <test-method status="PASS" signature="tearDown()[pri:0, instance:com.dex.qa.testcases.LoginPageTest@12f41634]" name="tearDown" is-config="true" duration-ms="670" started-at="2018-09-25T20:14:39Z" finished-at="2018-09-25T20:14:40Z">
          <reporter-output>
          </reporter-output>
        </test-method> <!-- tearDown -->
      </class> <!-- com.dex.qa.testcases.LoginPageTest -->
    </test> <!-- Default test -->
  </suite> <!-- Default suite -->
</testng-results>
